<?xml version="1.0" encoding="UTF-8"?>
<testsuite name="Sign up Utest" tests="1" skipped="0" failures="0" errors="0" timestamp="2023-08-17T17:13:05" hostname="DESKTOP-1SJOGQI" time="55.626">
  <properties/>
  <testcase name="Register at utest.com" classname="Sign up Utest" time="55.626"/>
  <system-out><![CDATA[]]></system-out>
  <system-err><![CDATA[[Test worker] WARN net.thucydides.core.steps.BaseStepListener - stepStarted: net.thucydides.core.steps.ExecutedStepDescription@6fa590ba
[Test worker] WARN net.thucydides.core.steps.BaseStepListener - stepStarted: net.thucydides.core.steps.ExecutedStepDescription@3bead518
[Test worker] WARN net.thucydides.core.steps.BaseStepListener - stepStarted: net.thucydides.core.steps.ExecutedStepDescription@314c8b4a
ago 17, 2023 12:13:07 PM org.openqa.selenium.remote.DesiredCapabilities chrome
INFORMACIÓN: Using `new ChromeOptions()` is preferred to `DesiredCapabilities.chrome()`
[Test worker] INFO net.serenitybdd.core.webdriver.driverproviders.ProvideNewDriver - Instantiating driver
[Test worker] INFO net.serenitybdd.core.webdriver.driverproviders.ProvideNewDriver - Driver capabilities: Capabilities {acceptInsecureCerts: false, browserName: chrome, chrome.switches: --start-maximized, goog:chromeOptions: {args: [--start-maximized], extensions: []}, loggingPrefs: org.openqa.selenium.logging..., platform: ANY, version: }
Starting ChromeDriver 116.0.5845.96 (1a391816688002153ef791ffe60d9e899a71a037-refs/branch-heads/5845@{#1382}) on port 17792
Only local connections are allowed.
Please see https://chromedriver.chromium.org/security-considerations for suggestions on keeping ChromeDriver safe.
ChromeDriver was started successfully.
ago 17, 2023 12:13:29 PM org.openqa.selenium.remote.ProtocolHandshake createSession
INFORMACIÓN: Detected dialect: W3C
[Test worker] WARN net.thucydides.core.steps.BaseStepListener - stepFinished: current outcome:Register at utest.com:Given than Jose wants to register on the utest.com website [Jose open up [Jose opens the Utest page]]
[Test worker] WARN net.thucydides.core.steps.BaseStepListener - stepFinished: current outcome:Register at utest.com:Given than Jose wants to register on the utest.com website [Jose open up [Jose opens the Utest page]]
[Test worker] WARN net.thucydides.core.steps.BaseStepListener - stepStarted: net.thucydides.core.steps.ExecutedStepDescription@70025b99
[Test worker] WARN net.thucydides.core.steps.BaseStepListener - stepStarted: net.thucydides.core.steps.ExecutedStepDescription@2f10f633
[Test worker] WARN net.thucydides.core.steps.BaseStepListener - stepFinished: current outcome:Register at utest.com:Given than Jose wants to register on the utest.com website [Jose open up [Jose opens the Utest page], Jose join [Jose clicks on Button that shows us the form to join]]
[Test worker] WARN net.thucydides.core.steps.BaseStepListener - stepFinished: current outcome:Register at utest.com:Given than Jose wants to register on the utest.com website [Jose open up [Jose opens the Utest page], Jose join [Jose clicks on Button that shows us the form to join]]
[Test worker] WARN net.thucydides.core.steps.BaseStepListener - stepFinished: current outcome:Register at utest.com:Given than Jose wants to register on the utest.com website [Jose open up [Jose opens the Utest page], Jose join [Jose clicks on Button that shows us the form to join]]
[Test worker] WARN net.thucydides.core.steps.BaseStepListener - stepStarted: net.thucydides.core.steps.ExecutedStepDescription@796f632b
[Test worker] WARN net.thucydides.core.steps.BaseStepListener - stepStarted: net.thucydides.core.steps.ExecutedStepDescription@5d0b0cb9
[Test worker] WARN net.thucydides.core.steps.BaseStepListener - stepStarted: net.thucydides.core.steps.ExecutedStepDescription@6bedd4e4
[Test worker] WARN net.thucydides.core.steps.BaseStepListener - stepFinished: current outcome:Register at utest.com:Given than Jose wants to register on the utest.com website [Jose open up [Jose opens the Utest page], Jose join [Jose clicks on Button that shows us the form to join]], When he enters all the required information [Jose fill out personal information [Jose enters 'Jose' into Where do we write the first name]]
[Test worker] WARN net.thucydides.core.steps.BaseStepListener - stepStarted: net.thucydides.core.steps.ExecutedStepDescription@5438c17a
[Test worker] WARN net.thucydides.core.steps.BaseStepListener - stepFinished: current outcome:Register at utest.com:Given than Jose wants to register on the utest.com website [Jose open up [Jose opens the Utest page], Jose join [Jose clicks on Button that shows us the form to join]], When he enters all the required information [Jose fill out personal information [Jose enters 'Jose' into Where do we write the first name, Jose enters 'Franco' into Where do we write the last name]]
[Test worker] WARN net.thucydides.core.steps.BaseStepListener - stepStarted: net.thucydides.core.steps.ExecutedStepDescription@7bc6935c
[Test worker] WARN net.thucydides.core.steps.BaseStepListener - stepFinished: current outcome:Register at utest.com:Given than Jose wants to register on the utest.com website [Jose open up [Jose opens the Utest page], Jose join [Jose clicks on Button that shows us the form to join]], When he enters all the required information [Jose fill out personal information [Jose enters 'Jose' into Where do we write the first name, Jose enters 'Franco' into Where do we write the last name, Jose enters 'jose.franco.henao@gmail.com' into Where do we write the email]]
[Test worker] WARN net.thucydides.core.steps.BaseStepListener - stepStarted: net.thucydides.core.steps.ExecutedStepDescription@f557c37
[Test worker] WARN net.thucydides.core.steps.BaseStepListener - stepFinished: current outcome:Register at utest.com:Given than Jose wants to register on the utest.com website [Jose open up [Jose opens the Utest page], Jose join [Jose clicks on Button that shows us the form to join]], When he enters all the required information [Jose fill out personal information [Jose enters 'Jose' into Where do we write the first name, Jose enters 'Franco' into Where do we write the last name, Jose enters 'jose.franco.henao@gmail.com' into Where do we write the email, Jose select June on Where we select birth month]]
[Test worker] WARN net.thucydides.core.steps.BaseStepListener - stepStarted: net.thucydides.core.steps.ExecutedStepDescription@7412a438
[Test worker] WARN net.thucydides.core.steps.BaseStepListener - stepFinished: current outcome:Register at utest.com:Given than Jose wants to register on the utest.com website [Jose open up [Jose opens the Utest page], Jose join [Jose clicks on Button that shows us the form to join]], When he enters all the required information [Jose fill out personal information [Jose enters 'Jose' into Where do we write the first name, Jose enters 'Franco' into Where do we write the last name, Jose enters 'jose.franco.henao@gmail.com' into Where do we write the email, Jose select June on Where we select birth month, Jose select 8 on Where we select birth day]]
[Test worker] WARN net.thucydides.core.steps.BaseStepListener - stepStarted: net.thucydides.core.steps.ExecutedStepDescription@7364eed1
[Test worker] WARN net.thucydides.core.steps.BaseStepListener - stepFinished: current outcome:Register at utest.com:Given than Jose wants to register on the utest.com website [Jose open up [Jose opens the Utest page], Jose join [Jose clicks on Button that shows us the form to join]], When he enters all the required information [Jose fill out personal information [Jose enters 'Jose' into Where do we write the first name, Jose enters 'Franco' into Where do we write the last name, Jose enters 'jose.franco.henao@gmail.com' into Where do we write the email, Jose select June on Where we select birth month, Jose select 8 on Where we select birth day, Jose select 1995 on Where we select birth year]]
[Test worker] WARN net.thucydides.core.steps.BaseStepListener - stepStarted: net.thucydides.core.steps.ExecutedStepDescription@15d0d6c9
[Test worker] WARN net.thucydides.core.steps.BaseStepListener - stepFinished: current outcome:Register at utest.com:Given than Jose wants to register on the utest.com website [Jose open up [Jose opens the Utest page], Jose join [Jose clicks on Button that shows us the form to join]], When he enters all the required information [Jose fill out personal information [Jose enters 'Jose' into Where do we write the first name, Jose enters 'Franco' into Where do we write the last name, Jose enters 'jose.franco.henao@gmail.com' into Where do we write the email, Jose select June on Where we select birth month, Jose select 8 on Where we select birth day, Jose select 1995 on Where we select birth year, Jose clicks on Button that shows us the form about location]]
[Test worker] WARN net.thucydides.core.steps.BaseStepListener - stepStarted: net.thucydides.core.steps.ExecutedStepDescription@1775c4e7
[Test worker] WARN net.thucydides.core.steps.BaseStepListener - stepFinished: current outcome:Register at utest.com:Given than Jose wants to register on the utest.com website [Jose open up [Jose opens the Utest page], Jose join [Jose clicks on Button that shows us the form to join]], When he enters all the required information [Jose fill out personal information [Jose enters 'Jose' into Where do we write the first name, Jose enters 'Franco' into Where do we write the last name, Jose enters 'jose.franco.henao@gmail.com' into Where do we write the email, Jose select June on Where we select birth month, Jose select 8 on Where we select birth day, Jose select 1995 on Where we select birth year, Jose clicks on Button that shows us the form about location, Jose enters 'Medellin???' into City of residence]]
[Test worker] WARN net.thucydides.core.steps.BaseStepListener - stepStarted: net.thucydides.core.steps.ExecutedStepDescription@7e87ef9e
[Test worker] WARN net.thucydides.core.steps.BaseStepListener - stepFinished: current outcome:Register at utest.com:Given than Jose wants to register on the utest.com website [Jose open up [Jose opens the Utest page], Jose join [Jose clicks on Button that shows us the form to join]], When he enters all the required information [Jose fill out personal information [Jose enters 'Jose' into Where do we write the first name, Jose enters 'Franco' into Where do we write the last name, Jose enters 'jose.franco.henao@gmail.com' into Where do we write the email, Jose select June on Where we select birth month, Jose select 8 on Where we select birth day, Jose select 1995 on Where we select birth year, Jose clicks on Button that shows us the form about location, Jose enters 'Medellin???' into City of residence, Jose enters '050005' into Zip or postal code]]
[Test worker] WARN net.thucydides.core.steps.BaseStepListener - stepStarted: net.thucydides.core.steps.ExecutedStepDescription@6dce59e
[Test worker] WARN net.thucydides.core.steps.BaseStepListener - stepFinished: current outcome:Register at utest.com:Given than Jose wants to register on the utest.com website [Jose open up [Jose opens the Utest page], Jose join [Jose clicks on Button that shows us the form to join]], When he enters all the required information [Jose fill out personal information [Jose enters 'Jose' into Where do we write the first name, Jose enters 'Franco' into Where do we write the last name, Jose enters 'jose.franco.henao@gmail.com' into Where do we write the email, Jose select June on Where we select birth month, Jose select 8 on Where we select birth day, Jose select 1995 on Where we select birth year, Jose clicks on Button that shows us the form about location, Jose enters 'Medellin???' into City of residence, Jose enters '050005' into Zip or postal code, Jose clicks on Button that shows us the form about devices]]
[Test worker] WARN net.thucydides.core.steps.BaseStepListener - stepStarted: net.thucydides.core.steps.ExecutedStepDescription@19489b27
[Test worker] WARN net.thucydides.core.steps.BaseStepListener - stepFinished: current outcome:Register at utest.com:Given than Jose wants to register on the utest.com website [Jose open up [Jose opens the Utest page], Jose join [Jose clicks on Button that shows us the form to join]], When he enters all the required information [Jose fill out personal information [Jose enters 'Jose' into Where do we write the first name, Jose enters 'Franco' into Where do we write the last name, Jose enters 'jose.franco.henao@gmail.com' into Where do we write the email, Jose select June on Where we select birth month, Jose select 8 on Where we select birth day, Jose select 1995 on Where we select birth year, Jose clicks on Button that shows us the form about location, Jose enters 'Medellin???' into City of residence, Jose enters '050005' into Zip or postal code, Jose clicks on Button that shows us the form about devices, Jose clicks on Button that show the form to create password ]]
[Test worker] WARN net.thucydides.core.steps.BaseStepListener - stepStarted: net.thucydides.core.steps.ExecutedStepDescription@2213639b
[Test worker] WARN net.thucydides.core.steps.BaseStepListener - stepFinished: current outcome:Register at utest.com:Given than Jose wants to register on the utest.com website [Jose open up [Jose opens the Utest page], Jose join [Jose clicks on Button that shows us the form to join]], When he enters all the required information [Jose fill out personal information [Jose enters 'Jose' into Where do we write the first name, Jose enters 'Franco' into Where do we write the last name, Jose enters 'jose.franco.henao@gmail.com' into Where do we write the email, Jose select June on Where we select birth month, Jose select 8 on Where we select birth day, Jose select 1995 on Where we select birth year, Jose clicks on Button that shows us the form about location, Jose enters 'Medellin???' into City of residence, Jose enters '050005' into Zip or postal code, Jose clicks on Button that shows us the form about devices, Jose clicks on Button that show the form to create password , Jose enters 'PruebaTecnica2023' into Where we create utest password]]
[Test worker] WARN net.thucydides.core.steps.BaseStepListener - stepStarted: net.thucydides.core.steps.ExecutedStepDescription@f5a7226
[Test worker] WARN net.thucydides.core.steps.BaseStepListener - stepFinished: current outcome:Register at utest.com:Given than Jose wants to register on the utest.com website [Jose open up [Jose opens the Utest page], Jose join [Jose clicks on Button that shows us the form to join]], When he enters all the required information [Jose fill out personal information [Jose enters 'Jose' into Where do we write the first name, Jose enters 'Franco' into Where do we write the last name, Jose enters 'jose.franco.henao@gmail.com' into Where do we write the email, Jose select June on Where we select birth month, Jose select 8 on Where we select birth day, Jose select 1995 on Where we select birth year, Jose clicks on Button that shows us the form about location, Jose enters 'Medellin???' into City of residence, Jose enters '050005' into Zip or postal code, Jose clicks on Button that shows us the form about devices, Jose clicks on Button that show the form to create password , Jose enters 'PruebaTecnica2023' into Where we create utest password, Jose enters 'PruebaTecnica2023' into Where we confirm utest password]]
[Test worker] WARN net.thucydides.core.steps.BaseStepListener - stepStarted: net.thucydides.core.steps.ExecutedStepDescription@61191222
[Test worker] WARN net.thucydides.core.steps.BaseStepListener - stepFinished: current outcome:Register at utest.com:Given than Jose wants to register on the utest.com website [Jose open up [Jose opens the Utest page], Jose join [Jose clicks on Button that shows us the form to join]], When he enters all the required information [Jose fill out personal information [Jose enters 'Jose' into Where do we write the first name, Jose enters 'Franco' into Where do we write the last name, Jose enters 'jose.franco.henao@gmail.com' into Where do we write the email, Jose select June on Where we select birth month, Jose select 8 on Where we select birth day, Jose select 1995 on Where we select birth year, Jose clicks on Button that shows us the form about location, Jose enters 'Medellin???' into City of residence, Jose enters '050005' into Zip or postal code, Jose clicks on Button that shows us the form about devices, Jose clicks on Button that show the form to create password , Jose enters 'PruebaTecnica2023' into Where we create utest password, Jose enters 'PruebaTecnica2023' into Where we confirm utest password, Jose clicks on Where we acept utest terms of use ]]
[Test worker] WARN net.thucydides.core.steps.BaseStepListener - stepStarted: net.thucydides.core.steps.ExecutedStepDescription@ea7a4c3
[Test worker] WARN net.thucydides.core.steps.BaseStepListener - stepFinished: current outcome:Register at utest.com:Given than Jose wants to register on the utest.com website [Jose open up [Jose opens the Utest page], Jose join [Jose clicks on Button that shows us the form to join]], When he enters all the required information [Jose fill out personal information [Jose enters 'Jose' into Where do we write the first name, Jose enters 'Franco' into Where do we write the last name, Jose enters 'jose.franco.henao@gmail.com' into Where do we write the email, Jose select June on Where we select birth month, Jose select 8 on Where we select birth day, Jose select 1995 on Where we select birth year, Jose clicks on Button that shows us the form about location, Jose enters 'Medellin???' into City of residence, Jose enters '050005' into Zip or postal code, Jose clicks on Button that shows us the form about devices, Jose clicks on Button that show the form to create password , Jose enters 'PruebaTecnica2023' into Where we create utest password, Jose enters 'PruebaTecnica2023' into Where we confirm utest password, Jose clicks on Where we acept utest terms of use , Jose clicks on Where we acept utest privacy and security policy ]]
[Test worker] WARN net.thucydides.core.steps.BaseStepListener - stepStarted: net.thucydides.core.steps.ExecutedStepDescription@47a7c93e
[Test worker] WARN net.thucydides.core.steps.BaseStepListener - stepFinished: current outcome:Register at utest.com:Given than Jose wants to register on the utest.com website [Jose open up [Jose opens the Utest page], Jose join [Jose clicks on Button that shows us the form to join]], When he enters all the required information [Jose fill out personal information [Jose enters 'Jose' into Where do we write the first name, Jose enters 'Franco' into Where do we write the last name, Jose enters 'jose.franco.henao@gmail.com' into Where do we write the email, Jose select June on Where we select birth month, Jose select 8 on Where we select birth day, Jose select 1995 on Where we select birth year, Jose clicks on Button that shows us the form about location, Jose enters 'Medellin???' into City of residence, Jose enters '050005' into Zip or postal code, Jose clicks on Button that shows us the form about devices, Jose clicks on Button that show the form to create password , Jose enters 'PruebaTecnica2023' into Where we create utest password, Jose enters 'PruebaTecnica2023' into Where we confirm utest password, Jose clicks on Where we acept utest terms of use , Jose clicks on Where we acept utest privacy and security policy , Jose clicks on Button to complete setup]]
[Test worker] WARN net.thucydides.core.steps.BaseStepListener - stepFinished: current outcome:Register at utest.com:Given than Jose wants to register on the utest.com website [Jose open up [Jose opens the Utest page], Jose join [Jose clicks on Button that shows us the form to join]], When he enters all the required information [Jose fill out personal information [Jose enters 'Jose' into Where do we write the first name, Jose enters 'Franco' into Where do we write the last name, Jose enters 'jose.franco.henao@gmail.com' into Where do we write the email, Jose select June on Where we select birth month, Jose select 8 on Where we select birth day, Jose select 1995 on Where we select birth year, Jose clicks on Button that shows us the form about location, Jose enters 'Medellin???' into City of residence, Jose enters '050005' into Zip or postal code, Jose clicks on Button that shows us the form about devices, Jose clicks on Button that show the form to create password , Jose enters 'PruebaTecnica2023' into Where we create utest password, Jose enters 'PruebaTecnica2023' into Where we confirm utest password, Jose clicks on Where we acept utest terms of use , Jose clicks on Where we acept utest privacy and security policy , Jose clicks on Button to complete setup]]
[Test worker] WARN net.thucydides.core.steps.BaseStepListener - stepFinished: current outcome:Register at utest.com:Given than Jose wants to register on the utest.com website [Jose open up [Jose opens the Utest page], Jose join [Jose clicks on Button that shows us the form to join]], When he enters all the required information [Jose fill out personal information [Jose enters 'Jose' into Where do we write the first name, Jose enters 'Franco' into Where do we write the last name, Jose enters 'jose.franco.henao@gmail.com' into Where do we write the email, Jose select June on Where we select birth month, Jose select 8 on Where we select birth day, Jose select 1995 on Where we select birth year, Jose clicks on Button that shows us the form about location, Jose enters 'Medellin???' into City of residence, Jose enters '050005' into Zip or postal code, Jose clicks on Button that shows us the form about devices, Jose clicks on Button that show the form to create password , Jose enters 'PruebaTecnica2023' into Where we create utest password, Jose enters 'PruebaTecnica2023' into Where we confirm utest password, Jose clicks on Where we acept utest terms of use , Jose clicks on Where we acept utest privacy and security policy , Jose clicks on Button to complete setup]]
[Test worker] WARN net.thucydides.core.steps.BaseStepListener - stepStarted: net.thucydides.core.steps.ExecutedStepDescription@39da5e49
[Test worker] WARN net.thucydides.core.steps.BaseStepListener - stepStarted: net.thucydides.core.steps.ExecutedStepDescription@20cdb152
[Test worker] WARN net.thucydides.core.steps.BaseStepListener - stepFinished: current outcome:Register at utest.com:Given than Jose wants to register on the utest.com website [Jose open up [Jose opens the Utest page], Jose join [Jose clicks on Button that shows us the form to join]], When he enters all the required information [Jose fill out personal information [Jose enters 'Jose' into Where do we write the first name, Jose enters 'Franco' into Where do we write the last name, Jose enters 'jose.franco.henao@gmail.com' into Where do we write the email, Jose select June on Where we select birth month, Jose select 8 on Where we select birth day, Jose select 1995 on Where we select birth year, Jose clicks on Button that shows us the form about location, Jose enters 'Medellin???' into City of residence, Jose enters '050005' into Zip or postal code, Jose clicks on Button that shows us the form about devices, Jose clicks on Button that show the form to create password , Jose enters 'PruebaTecnica2023' into Where we create utest password, Jose enters 'PruebaTecnica2023' into Where we confirm utest password, Jose clicks on Where we acept utest terms of use , Jose clicks on Where we acept utest privacy and security policy , Jose clicks on Button to complete setup]], Then he sees on the page the message Welcome to the world's largest community of freelance software testers! [Then answer]
[Test worker] WARN net.thucydides.core.steps.BaseStepListener - stepFinished: current outcome:Register at utest.com:Given than Jose wants to register on the utest.com website [Jose open up [Jose opens the Utest page], Jose join [Jose clicks on Button that shows us the form to join]], When he enters all the required information [Jose fill out personal information [Jose enters 'Jose' into Where do we write the first name, Jose enters 'Franco' into Where do we write the last name, Jose enters 'jose.franco.henao@gmail.com' into Where do we write the email, Jose select June on Where we select birth month, Jose select 8 on Where we select birth day, Jose select 1995 on Where we select birth year, Jose clicks on Button that shows us the form about location, Jose enters 'Medellin???' into City of residence, Jose enters '050005' into Zip or postal code, Jose clicks on Button that shows us the form about devices, Jose clicks on Button that show the form to create password , Jose enters 'PruebaTecnica2023' into Where we create utest password, Jose enters 'PruebaTecnica2023' into Where we confirm utest password, Jose clicks on Where we acept utest terms of use , Jose clicks on Where we acept utest privacy and security policy , Jose clicks on Button to complete setup]], Then he sees on the page the message Welcome to the world's largest community of freelance software testers! [Then answer]
[Test worker] WARN net.thucydides.core.steps.BaseStepListener - testFinished: Register at utest.com:Given than Jose wants to register on the utest.com website [Jose open up [Jose opens the Utest page], Jose join [Jose clicks on Button that shows us the form to join]], When he enters all the required information [Jose fill out personal information [Jose enters 'Jose' into Where do we write the first name, Jose enters 'Franco' into Where do we write the last name, Jose enters 'jose.franco.henao@gmail.com' into Where do we write the email, Jose select June on Where we select birth month, Jose select 8 on Where we select birth day, Jose select 1995 on Where we select birth year, Jose clicks on Button that shows us the form about location, Jose enters 'Medellin???' into City of residence, Jose enters '050005' into Zip or postal code, Jose clicks on Button that shows us the form about devices, Jose clicks on Button that show the form to create password , Jose enters 'PruebaTecnica2023' into Where we create utest password, Jose enters 'PruebaTecnica2023' into Where we confirm utest password, Jose clicks on Where we acept utest terms of use , Jose clicks on Where we acept utest privacy and security policy , Jose clicks on Button to complete setup]], Then he sees on the page the message Welcome to the world's largest community of freelance software testers! [Then answer]
[Test worker] WARN net.thucydides.core.steps.BaseStepListener - TestOutcomes: [Register at utest.com:Given than Jose wants to register on the utest.com website [Jose open up [Jose opens the Utest page], Jose join [Jose clicks on Button that shows us the form to join]], When he enters all the required information [Jose fill out personal information [Jose enters 'Jose' into Where do we write the first name, Jose enters 'Franco' into Where do we write the last name, Jose enters 'jose.franco.henao@gmail.com' into Where do we write the email, Jose select June on Where we select birth month, Jose select 8 on Where we select birth day, Jose select 1995 on Where we select birth year, Jose clicks on Button that shows us the form about location, Jose enters 'Medellin???' into City of residence, Jose enters '050005' into Zip or postal code, Jose clicks on Button that shows us the form about devices, Jose clicks on Button that show the form to create password , Jose enters 'PruebaTecnica2023' into Where we create utest password, Jose enters 'PruebaTecnica2023' into Where we confirm utest password, Jose clicks on Where we acept utest terms of use , Jose clicks on Where we acept utest privacy and security policy , Jose clicks on Button to complete setup]], Then he sees on the page the message Welcome to the world's largest community of freelance software testers! [Then answer]]
[Test worker] WARN net.thucydides.core.steps.BaseStepListener - Final testOutcomes: [Register at utest.com:Given than Jose wants to register on the utest.com website [Jose open up [Jose opens the Utest page], Jose join [Jose clicks on Button that shows us the form to join]], When he enters all the required information [Jose fill out personal information [Jose enters 'Jose' into Where do we write the first name, Jose enters 'Franco' into Where do we write the last name, Jose enters 'jose.franco.henao@gmail.com' into Where do we write the email, Jose select June on Where we select birth month, Jose select 8 on Where we select birth day, Jose select 1995 on Where we select birth year, Jose clicks on Button that shows us the form about location, Jose enters 'Medellin???' into City of residence, Jose enters '050005' into Zip or postal code, Jose clicks on Button that shows us the form about devices, Jose clicks on Button that show the form to create password , Jose enters 'PruebaTecnica2023' into Where we create utest password, Jose enters 'PruebaTecnica2023' into Where we confirm utest password, Jose clicks on Where we acept utest terms of use , Jose clicks on Where we acept utest privacy and security policy , Jose clicks on Button to complete setup]], Then he sees on the page the message Welcome to the world's largest community of freelance software testers! [Then answer]]
[Test worker] INFO net.thucydides.core.steps.ConsoleLoggingListener - 
        __    _____ _____ ____ _____   ____   _    ____  ____  _____ ____  
  _     \ \  |_   _| ____/ ___|_   _| |  _ \ / \  / ___|/ ___|| ____|  _ \ 
 (_)_____| |   | | |  _| \___ \ | |   | |_) / _ \ \___ \\___ \|  _| | | | |
  _|_____| |   | | | |___ ___) || |   |  __/ ___ \ ___) |___) | |___| |_| |
 (_)     | |   |_| |_____|____/ |_|   |_| /_/   \_\____/|____/|_____|____/ 
        /_/                                                                

TEST PASSED: Register at utest.com
----------------------------------------------------------------------------
]]></system-err>
</testsuite>
